[debug] [2025-09-10T00:13:58.995Z] ----------------------------------------------------------------------
[debug] [2025-09-10T00:13:58.998Z] Command:       C:\nvm4w\nodejs\node.exe C:\nvm4w\nodejs\node_modules\firebase-tools\lib\bin\firebase.js init
[debug] [2025-09-10T00:13:58.998Z] CLI Version:   14.15.2
[debug] [2025-09-10T00:13:58.998Z] Platform:      win32
[debug] [2025-09-10T00:13:58.998Z] Node Version:  v20.19.2
[debug] [2025-09-10T00:13:58.998Z] Time:          Tue Sep 09 2025 21:13:58 GMT-0300 (hora de verano de Chile)
[debug] [2025-09-10T00:13:58.998Z] ----------------------------------------------------------------------
[debug] 
[debug] [2025-09-10T00:13:59.003Z] > command requires scopes: ["email","openid","https://www.googleapis.com/auth/cloudplatformprojects.readonly","https://www.googleapis.com/auth/firebase","https://www.googleapis.com/auth/cloud-platform"]
[debug] [2025-09-10T00:13:59.003Z] > authorizing via signed-in user (fr.toledop@duocuc.cl)
[info] 
     ######## #### ########  ######## ########     ###     ######  ########
     ##        ##  ##     ## ##       ##     ##  ##   ##  ##       ##
     ######    ##  ########  ######   ########  #########  ######  ######
     ##        ##  ##    ##  ##       ##     ## ##     ##       ## ##
     ##       #### ##     ## ######## ########  ##     ##  ######  ########

You're about to initialize a Firebase project in this directory:

  C:\MaiMag\balonix-web

Before we get started, keep in mind:

  * You are currently outside your home directory

[info] 
=== Project Setup
[info] 
[info] First, let's associate this project directory with a Firebase project.
[info] You can create multiple project aliases by running firebase use --add, 
[info] but for now we'll just set up a default project.
[info] 
[debug] [2025-09-10T00:14:04.401Z] Using project from CLI flag: tiktok-functions
[debug] [2025-09-10T00:14:04.403Z] Checked if tokens are valid: true, expires at: 1757466773899
[debug] [2025-09-10T00:14:04.403Z] Checked if tokens are valid: true, expires at: 1757466773899
[debug] [2025-09-10T00:14:04.405Z] >>> [apiv2][query] GET https://firebase.googleapis.com/v1beta1/projects/tiktok-functions [none]
[debug] [2025-09-10T00:14:04.810Z] <<< [apiv2][status] GET https://firebase.googleapis.com/v1beta1/projects/tiktok-functions 403
[debug] [2025-09-10T00:14:04.810Z] <<< [apiv2][body] GET https://firebase.googleapis.com/v1beta1/projects/tiktok-functions {"error":{"code":403,"message":"The caller does not have permission","status":"PERMISSION_DENIED"}}
[debug] [2025-09-10T00:14:04.811Z] Request to https://firebase.googleapis.com/v1beta1/projects/tiktok-functions had HTTP Error: 403, The caller does not have permission
[debug] [2025-09-10T00:14:04.811Z] FirebaseError: Request to https://firebase.googleapis.com/v1beta1/projects/tiktok-functions had HTTP Error: 403, The caller does not have permission
    at responseToError (C:\Users\franc\AppData\Local\nvm\v20.19.2\node_modules\firebase-tools\lib\responseToError.js:52:12)
    at RetryOperation._fn (C:\Users\franc\AppData\Local\nvm\v20.19.2\node_modules\firebase-tools\lib\apiv2.js:312:77)
    at process.processTicksAndRejections (node:internal/process/task_queues:95:5)
[error] 
[error] Error: Failed to get Firebase project tiktok-functions. Please make sure the project exists and your account has permission to access it.
